<?xml version="1.0" encoding="UTF-8"?>
<!-- Generated by org.testng.reporters.JUnitXMLReporter -->
<testsuite ignored="2" hostname="DESKTOP-JC5UOC0" failures="0" tests="1" name="Default test" time="5.467" errors="0" timestamp="2025-08-07T22:42:58 IST">
  <testcase classname="users.GetUserTest2" name="getUserDetails1" time="5.374"/>
  <testcase classname="users.GetUserTest2" name="getListUsers" time="0.0">
    <ignored/>
  </testcase> <!-- getListUsers -->
  <testcase classname="users.GetUserTest2" name="getUserDetails" time="0.0">
    <ignored/>
  </testcase> <!-- getUserDetails -->
</testsuite> <!-- Default test -->
