<?xml version="1.0" encoding="UTF-8"?>
<!-- Generated by org.testng.reporters.JUnitXMLReporter -->
<testsuite ignored="0" hostname="DESKTOP-JC5UOC0" failures="0" tests="5" name="Default test" time="6.944" errors="0" timestamp="2025-05-14T22:59:15 IST">
  <testcase classname="tests.ReqresApiTests" name="testCreateUser" time="4.248"/>
  <testcase classname="tests.ReqresApiTests" name="testGetUsers" time="0.306"/>
  <testcase classname="tests.ReqresApiTests" name="testDeleteUser" time="0.527"/>
  <testcase classname="tests.ReqresApiTests" name="testUpdateUserWithPatch" time="0.65"/>
  <testcase classname="tests.ReqresApiTests" name="testUpdateUserWithPut" time="0.579"/>
</testsuite> <!-- Default test -->
