<?xml version="1.0" encoding="UTF-8"?>
<testng-results ignored="0" total="1" passed="1" failed="0" skipped="0">
  <reporter-output>
  </reporter-output>
  <suite started-at="2025-08-08T12:02:29 IST" name="Default suite" finished-at="2025-08-08T12:02:35 IST" duration-ms="6014">
    <groups>
    </groups>
    <test started-at="2025-08-08T12:02:29 IST" name="Default test" finished-at="2025-08-08T12:02:35 IST" duration-ms="6014">
      <class name="assignments.Assignment3">
        <test-method is-config="true" signature="setup()[pri:0, instance:assignments.Assignment3@57d7f8ca]" started-at="2025-08-08T12:02:29 IST" name="setup" finished-at="2025-08-08T12:02:30 IST" duration-ms="744" status="PASS">
          <reporter-output>
          </reporter-output>
        </test-method> <!-- setup -->
        <test-method signature="verifyOAuthAuthentication()[pri:0, instance:assignments.Assignment3@57d7f8ca]" started-at="2025-08-08T12:02:30 IST" name="verifyOAuthAuthentication" finished-at="2025-08-08T12:02:35 IST" duration-ms="5214" status="PASS">
          <reporter-output>
          </reporter-output>
        </test-method> <!-- verifyOAuthAuthentication -->
      </class> <!-- assignments.Assignment3 -->
    </test> <!-- Default test -->
  </suite> <!-- Default suite -->
</testng-results>
